<?xml version="1.0" encoding="UTF-8"?>
<!-- Generated by org.testng.reporters.JUnitReportReporter -->
<testsuite hostname="DESKTOP-N61B0N0" failures="0" tests="4" name="TestRunner.TestngRunner" time="0.181" errors="0" timestamp="2024-04-13T12:45:18 IST" skipped="0">
  <testcase classname="TestRunner.TestngRunner" name="runScenario" time="0.127"/>
  <testcase classname="TestRunner.TestngRunner" name="runScenario" time="0.029"/>
  <testcase classname="TestRunner.TestngRunner" name="runScenario" time="0.011"/>
  <testcase classname="TestRunner.TestngRunner" name="runScenario" time="0.014"/>
</testsuite> <!-- TestRunner.TestngRunner -->
